<?xml version="1.0" encoding="UTF-8"?>
<robot generator="Robot 7.2.2 (Python 3.8.10 on linux)" generated="2025-06-08T23:54:13.821746" rpa="false" schemaversion="5">
<suite id="s1" name="criarPost" source="/home/luan/Documentos/projetos/robotProject/criarPost/criarPost.robot">
<test id="s1-t1" name="Teste simples de post no feed" line="171">
<kw name="Given abrir o site">
<kw name="Open Browser" owner="SeleniumLibrary">
<msg time="2025-06-08T23:54:13.982575" level="INFO">Opening browser 'chrome' to base url 'http://localhost:3000/auth/signin'.</msg>
<arg>${URL}</arg>
<arg>${BROWSER}</arg>
<doc>Opens a new browser instance to the optional ``url``.</doc>
<status status="PASS" start="2025-06-08T23:54:13.982096" elapsed="1.151239"/>
</kw>
<kw name="Maximize Browser Window" owner="SeleniumLibrary">
<doc>Maximizes current browser window.</doc>
<status status="PASS" start="2025-06-08T23:54:15.134060" elapsed="0.039200"/>
</kw>
<kw name="Set Selenium Timeout" owner="SeleniumLibrary">
<arg>${TIMEOUT}</arg>
<doc>Sets the timeout that is used by various keywords.</doc>
<status status="PASS" start="2025-06-08T23:54:15.173725" elapsed="0.003016"/>
</kw>
<kw name="Capture Page Screenshot" owner="SeleniumLibrary">
<msg time="2025-06-08T23:54:15.604287" level="INFO" html="true">&lt;/td&gt;&lt;/tr&gt;&lt;tr&gt;&lt;td colspan="3"&gt;&lt;a href="selenium-screenshot-1.png"&gt;&lt;img src="selenium-screenshot-1.png" width="800px"&gt;&lt;/a&gt;</msg>
<doc>Takes a screenshot of the current page and embeds it into a log file.</doc>
<status status="PASS" start="2025-06-08T23:54:15.177809" elapsed="0.427398"/>
</kw>
<status status="PASS" start="2025-06-08T23:54:13.981136" elapsed="1.624906"/>
</kw>
<kw name="And preencher dados de login">
<kw name="aguardar elemento visivel">
<kw name="Wait Until Element Is Visible" owner="SeleniumLibrary">
<arg>${locator}</arg>
<arg>timeout=${TIMEOUT}</arg>
<doc>Waits until the element ``locator`` is visible.</doc>
<status status="PASS" start="2025-06-08T23:54:15.610552" elapsed="0.023670"/>
</kw>
<arg>${ELEMENTOS.inp_email}</arg>
<status status="PASS" start="2025-06-08T23:54:15.608863" elapsed="0.025813"/>
</kw>
<kw name="Input Text" owner="SeleniumLibrary">
<msg time="2025-06-08T23:54:15.636146" level="INFO">Typing text 'pl@gmail.com' into text field '//input[contains(@placeholder, 'seu@email.com')]'.</msg>
<arg>${ELEMENTOS.inp_email}</arg>
<arg>${EMAIL}</arg>
<doc>Types the given ``text`` into the text field identified by ``locator``.</doc>
<status status="PASS" start="2025-06-08T23:54:15.635027" elapsed="0.115605"/>
</kw>
<kw name="Input Text" owner="SeleniumLibrary">
<msg time="2025-06-08T23:54:15.753930" level="INFO">Typing text '123456' into text field '//input[@id='password']'.</msg>
<arg>${ELEMENTOS.inp_senha}</arg>
<arg>${SENHA}</arg>
<doc>Types the given ``text`` into the text field identified by ``locator``.</doc>
<status status="PASS" start="2025-06-08T23:54:15.751563" elapsed="0.092957"/>
</kw>
<kw name="Capture Page Screenshot" owner="SeleniumLibrary">
<msg time="2025-06-08T23:54:16.201757" level="INFO" html="true">&lt;/td&gt;&lt;/tr&gt;&lt;tr&gt;&lt;td colspan="3"&gt;&lt;a href="selenium-screenshot-2.png"&gt;&lt;img src="selenium-screenshot-2.png" width="800px"&gt;&lt;/a&gt;</msg>
<doc>Takes a screenshot of the current page and embeds it into a log file.</doc>
<status status="PASS" start="2025-06-08T23:54:15.844977" elapsed="0.357165"/>
</kw>
<status status="PASS" start="2025-06-08T23:54:15.607430" elapsed="0.594913"/>
</kw>
<kw name="And realizar clique">
<kw name="aguardar elemento visivel">
<kw name="Wait Until Element Is Visible" owner="SeleniumLibrary">
<arg>${locator}</arg>
<arg>timeout=${TIMEOUT}</arg>
<doc>Waits until the element ``locator`` is visible.</doc>
<status status="PASS" start="2025-06-08T23:54:16.207012" elapsed="0.021536"/>
</kw>
<arg>${locator}</arg>
<status status="PASS" start="2025-06-08T23:54:16.205663" elapsed="0.023256"/>
</kw>
<kw name="Click Element" owner="SeleniumLibrary">
<msg time="2025-06-08T23:54:16.229666" level="INFO">Clicking element '//button[contains(.,'Entrar')]'.</msg>
<arg>${locator}</arg>
<doc>Click the element identified by ``locator``.</doc>
<status status="PASS" start="2025-06-08T23:54:16.229209" elapsed="0.060214"/>
</kw>
<kw name="Sleep" owner="BuiltIn">
<msg time="2025-06-08T23:54:18.291405" level="INFO">Slept 2 seconds.</msg>
<arg>2s</arg>
<doc>Pauses the test executed for the given time.</doc>
<status status="PASS" start="2025-06-08T23:54:16.290158" elapsed="2.002008"/>
</kw>
<kw name="Capture Page Screenshot" owner="SeleniumLibrary">
<msg time="2025-06-08T23:54:18.537483" level="INFO" html="true">&lt;/td&gt;&lt;/tr&gt;&lt;tr&gt;&lt;td colspan="3"&gt;&lt;a href="selenium-screenshot-3.png"&gt;&lt;img src="selenium-screenshot-3.png" width="800px"&gt;&lt;/a&gt;</msg>
<doc>Takes a screenshot of the current page and embeds it into a log file.</doc>
<status status="PASS" start="2025-06-08T23:54:18.293158" elapsed="0.245353"/>
</kw>
<arg>${ELEMENTOS.btn_entrar}</arg>
<status status="PASS" start="2025-06-08T23:54:16.203277" elapsed="2.335883"/>
</kw>
<kw name="Sleep" owner="BuiltIn">
<msg time="2025-06-08T23:54:23.540945" level="INFO">Slept 5 seconds.</msg>
<arg>5s</arg>
<doc>Pauses the test executed for the given time.</doc>
<status status="PASS" start="2025-06-08T23:54:18.540060" elapsed="5.001488"/>
</kw>
<kw name="When preencher e postar descricao no feed">
<kw name="aguardar elemento visivel">
<kw name="Wait Until Element Is Visible" owner="SeleniumLibrary">
<arg>${locator}</arg>
<arg>timeout=${TIMEOUT}</arg>
<doc>Waits until the element ``locator`` is visible.</doc>
<status status="PASS" start="2025-06-08T23:54:23.545333" elapsed="0.070294"/>
</kw>
<arg>${ELEMENTOS.inp_feed}</arg>
<status status="PASS" start="2025-06-08T23:54:23.543743" elapsed="0.072658"/>
</kw>
<kw name="Clear Element Text" owner="SeleniumLibrary">
<arg>${ELEMENTOS.inp_feed}</arg>
<doc>Clears the value of the text-input-element identified by ``locator``.</doc>
<status status="PASS" start="2025-06-08T23:54:23.617111" elapsed="0.059572"/>
</kw>
<kw name="Input Text" owner="SeleniumLibrary">
<msg time="2025-06-08T23:54:23.678537" level="INFO">Typing text 'Meu filme favorito' into text field '//textarea[contains(@placeholder, 'O que você está pensando?')]'.</msg>
<arg>${ELEMENTOS.inp_feed}</arg>
<arg>Meu filme favorito</arg>
<doc>Types the given ``text`` into the text field identified by ``locator``.</doc>
<status status="PASS" start="2025-06-08T23:54:23.677275" elapsed="0.134393"/>
</kw>
<kw name="Capture Page Screenshot" owner="SeleniumLibrary">
<msg time="2025-06-08T23:54:24.037953" level="INFO" html="true">&lt;/td&gt;&lt;/tr&gt;&lt;tr&gt;&lt;td colspan="3"&gt;&lt;a href="selenium-screenshot-4.png"&gt;&lt;img src="selenium-screenshot-4.png" width="800px"&gt;&lt;/a&gt;</msg>
<doc>Takes a screenshot of the current page and embeds it into a log file.</doc>
<status status="PASS" start="2025-06-08T23:54:23.812091" elapsed="0.226313"/>
</kw>
<kw name="Log To Console" owner="BuiltIn">
<arg>Screenshot IMEDIATO - Texto digitado no campo do feed</arg>
<doc>Logs the given message to the console.</doc>
<status status="PASS" start="2025-06-08T23:54:24.038693" elapsed="0.000491"/>
</kw>
<kw name="Sleep" owner="BuiltIn">
<msg time="2025-06-08T23:54:25.039951" level="INFO">Slept 1 second.</msg>
<arg>1s</arg>
<doc>Pauses the test executed for the given time.</doc>
<status status="PASS" start="2025-06-08T23:54:24.039455" elapsed="1.001080"/>
</kw>
<kw name="Get Value" owner="SeleniumLibrary">
<msg time="2025-06-08T23:54:25.071945" level="INFO">${texto_atual} = Meu filme favorito</msg>
<var>${texto_atual}</var>
<arg>${ELEMENTOS.inp_feed}</arg>
<doc>Returns the value attribute of the element identified by ``locator``.</doc>
<status status="PASS" start="2025-06-08T23:54:25.041121" elapsed="0.031127"/>
</kw>
<kw name="Log To Console" owner="BuiltIn">
<arg>Texto no campo: ${texto_atual}</arg>
<doc>Logs the given message to the console.</doc>
<status status="PASS" start="2025-06-08T23:54:25.072604" elapsed="0.000453"/>
</kw>
<kw name="Should Be Equal" owner="BuiltIn">
<arg>${texto_atual}</arg>
<arg>Meu filme favorito</arg>
<doc>Fails if the given objects are unequal.</doc>
<status status="PASS" start="2025-06-08T23:54:25.073305" elapsed="0.000362"/>
</kw>
<kw name="aguardar elemento clicavel">
<kw name="Wait Until Element Is Enabled" owner="SeleniumLibrary">
<arg>${locator}</arg>
<arg>timeout=${TIMEOUT}</arg>
<doc>Waits until the element ``locator`` is enabled.</doc>
<status status="PASS" start="2025-06-08T23:54:25.074933" elapsed="0.022743"/>
</kw>
<arg>${ELEMENTOS.btn_postar}</arg>
<status status="PASS" start="2025-06-08T23:54:25.074077" elapsed="0.023897"/>
</kw>
<kw name="Click Element" owner="SeleniumLibrary">
<msg time="2025-06-08T23:54:25.099069" level="INFO">Clicking element '//button[contains(text(), 'Postar')]'.</msg>
<arg>${ELEMENTOS.btn_postar}</arg>
<doc>Click the element identified by ``locator``.</doc>
<status status="PASS" start="2025-06-08T23:54:25.098233" elapsed="0.070047"/>
</kw>
<kw name="Sleep" owner="BuiltIn">
<msg time="2025-06-08T23:54:28.170187" level="INFO">Slept 3 seconds.</msg>
<arg>3s</arg>
<doc>Pauses the test executed for the given time.</doc>
<status status="PASS" start="2025-06-08T23:54:25.168990" elapsed="3.001973"/>
</kw>
<kw name="Capture Page Screenshot" owner="SeleniumLibrary">
<msg time="2025-06-08T23:54:28.341454" level="INFO" html="true">&lt;/td&gt;&lt;/tr&gt;&lt;tr&gt;&lt;td colspan="3"&gt;&lt;a href="selenium-screenshot-5.png"&gt;&lt;img src="selenium-screenshot-5.png" width="800px"&gt;&lt;/a&gt;</msg>
<doc>Takes a screenshot of the current page and embeds it into a log file.</doc>
<status status="PASS" start="2025-06-08T23:54:28.171583" elapsed="0.170216"/>
</kw>
<status status="PASS" start="2025-06-08T23:54:23.542502" elapsed="4.799489"/>
</kw>
<kw name="Then post exibido">
<kw name="Element Should Be Visible" owner="SeleniumLibrary">
<msg time="2025-06-08T23:54:28.374742" level="INFO">Element '//*[contains(text(), 'Post criado com sucesso!')] | //div[contains(@class, 'toast')] | //div[contains(@class, 'notification')] | //div[contains(@class, 'alert')] | //div[contains(@class, 'success')]' is displayed.</msg>
<arg>${ELEMENTOS.toast_sucesso}</arg>
<doc>Verifies that the element identified by ``locator`` is visible.</doc>
<status status="PASS" start="2025-06-08T23:54:28.343185" elapsed="0.032021"/>
</kw>
<kw name="Capture Page Screenshot" owner="SeleniumLibrary">
<msg time="2025-06-08T23:54:28.541206" level="INFO" html="true">&lt;/td&gt;&lt;/tr&gt;&lt;tr&gt;&lt;td colspan="3"&gt;&lt;a href="selenium-screenshot-6.png"&gt;&lt;img src="selenium-screenshot-6.png" width="800px"&gt;&lt;/a&gt;</msg>
<doc>Takes a screenshot of the current page and embeds it into a log file.</doc>
<status status="PASS" start="2025-06-08T23:54:28.375683" elapsed="0.165866"/>
</kw>
<kw name="Close Browser" owner="SeleniumLibrary">
<doc>Closes the current browser.</doc>
<status status="PASS" start="2025-06-08T23:54:28.541839" elapsed="0.067293"/>
</kw>
<doc>Valida visualização do toast e encerra</doc>
<status status="PASS" start="2025-06-08T23:54:28.342531" elapsed="0.267271"/>
</kw>
<tag>feed</tag>
<tag>simples</tag>
<status status="PASS" start="2025-06-08T23:54:13.980151" elapsed="14.630753"/>
</test>
<status status="PASS" start="2025-06-08T23:54:13.825094" elapsed="14.788023"/>
</suite>
<statistics>
<total>
<stat pass="1" fail="0" skip="0">All Tests</stat>
</total>
<tag>
<stat pass="1" fail="0" skip="0">feed</stat>
<stat pass="1" fail="0" skip="0">simples</stat>
</tag>
<suite>
<stat name="criarPost" id="s1" pass="1" fail="0" skip="0">criarPost</stat>
</suite>
</statistics>
<errors>
</errors>
</robot>
