<?xml version="1.0" encoding="UTF-8"?>
<robot generator="Robot 7.2.2 (Python 3.8.10 on linux)" generated="2025-06-08T21:57:26.766671" rpa="false" schemaversion="5">
<suite id="s1" name="curtirPost" source="/home/luan/Documentos/projetos/robotProject/curtirPost/curtirPost.robot">
<test id="s1-t1" name="Curtir post no feed" line="62">
<kw name="Given abrir o site">
<kw name="Open Browser" owner="SeleniumLibrary">
<msg time="2025-06-08T21:57:26.950998" level="INFO">Opening browser 'chrome' to base url 'http://localhost:3000/auth/signin'.</msg>
<arg>${URL}</arg>
<arg>${BROWSER}</arg>
<doc>Opens a new browser instance to the optional ``url``.</doc>
<status status="PASS" start="2025-06-08T21:57:26.950493" elapsed="1.324366"/>
</kw>
<kw name="Maximize Browser Window" owner="SeleniumLibrary">
<doc>Maximizes current browser window.</doc>
<status status="PASS" start="2025-06-08T21:57:28.275787" elapsed="0.067963"/>
</kw>
<kw name="Set Selenium Timeout" owner="SeleniumLibrary">
<arg>15s</arg>
<doc>Sets the timeout that is used by various keywords.</doc>
<status status="PASS" start="2025-06-08T21:57:28.345543" elapsed="0.004398"/>
</kw>
<kw name="Capture Page Screenshot" owner="SeleniumLibrary">
<msg time="2025-06-08T21:57:28.812476" level="INFO" html="true">&lt;/td&gt;&lt;/tr&gt;&lt;tr&gt;&lt;td colspan="3"&gt;&lt;a href="selenium-screenshot-1.png"&gt;&lt;img src="selenium-screenshot-1.png" width="800px"&gt;&lt;/a&gt;</msg>
<doc>Takes a screenshot of the current page and embeds it into a log file.</doc>
<status status="PASS" start="2025-06-08T21:57:28.350621" elapsed="0.462364"/>
</kw>
<status status="PASS" start="2025-06-08T21:57:26.949200" elapsed="1.864036"/>
</kw>
<kw name="And fazer login">
<kw name="Log To Console" owner="BuiltIn">
<arg>Iniciando login...</arg>
<doc>Logs the given message to the console.</doc>
<status status="PASS" start="2025-06-08T21:57:28.814606" elapsed="0.000540"/>
</kw>
<kw name="preencher dados de login">
<kw name="Wait Until Element Is Visible" owner="SeleniumLibrary">
<arg>${ELEMENTOS.inp_email}</arg>
<doc>Waits until the element ``locator`` is visible.</doc>
<status status="PASS" start="2025-06-08T21:57:28.815891" elapsed="0.024838"/>
</kw>
<kw name="Input Text" owner="SeleniumLibrary">
<msg time="2025-06-08T21:57:28.844475" level="INFO">Typing text 'pl@gmail.com' into text field '//input[contains(@placeholder, 'seu@email.com')]'.</msg>
<arg>${ELEMENTOS.inp_email}</arg>
<arg>${EMAIL}</arg>
<doc>Types the given ``text`` into the text field identified by ``locator``.</doc>
<status status="PASS" start="2025-06-08T21:57:28.841920" elapsed="0.246993"/>
</kw>
<kw name="Input Text" owner="SeleniumLibrary">
<msg time="2025-06-08T21:57:29.091874" level="INFO">Typing text '123456' into text field '//input[@id='password']'.</msg>
<arg>${ELEMENTOS.inp_senha}</arg>
<arg>${SENHA}</arg>
<doc>Types the given ``text`` into the text field identified by ``locator``.</doc>
<status status="PASS" start="2025-06-08T21:57:29.089844" elapsed="0.099116"/>
</kw>
<kw name="Capture Page Screenshot" owner="SeleniumLibrary">
<msg time="2025-06-08T21:57:29.613987" level="INFO" html="true">&lt;/td&gt;&lt;/tr&gt;&lt;tr&gt;&lt;td colspan="3"&gt;&lt;a href="selenium-screenshot-2.png"&gt;&lt;img src="selenium-screenshot-2.png" width="800px"&gt;&lt;/a&gt;</msg>
<doc>Takes a screenshot of the current page and embeds it into a log file.</doc>
<status status="PASS" start="2025-06-08T21:57:29.189619" elapsed="0.424747"/>
</kw>
<status status="PASS" start="2025-06-08T21:57:28.815480" elapsed="0.799112"/>
</kw>
<kw name="Click Element" owner="SeleniumLibrary">
<msg time="2025-06-08T21:57:29.615711" level="INFO">Clicking element '//button[contains(.,'Entrar')]'.</msg>
<arg>${ELEMENTOS.btn_entrar}</arg>
<doc>Click the element identified by ``locator``.</doc>
<status status="PASS" start="2025-06-08T21:57:29.614861" elapsed="0.069388"/>
</kw>
<kw name="Sleep" owner="BuiltIn">
<msg time="2025-06-08T21:57:31.685553" level="INFO">Slept 2 seconds.</msg>
<arg>2s</arg>
<doc>Pauses the test executed for the given time.</doc>
<status status="PASS" start="2025-06-08T21:57:29.684738" elapsed="2.001479"/>
</kw>
<kw name="Capture Page Screenshot" owner="SeleniumLibrary">
<msg time="2025-06-08T21:57:31.970885" level="INFO" html="true">&lt;/td&gt;&lt;/tr&gt;&lt;tr&gt;&lt;td colspan="3"&gt;&lt;a href="selenium-screenshot-3.png"&gt;&lt;img src="selenium-screenshot-3.png" width="800px"&gt;&lt;/a&gt;</msg>
<doc>Takes a screenshot of the current page and embeds it into a log file.</doc>
<status status="PASS" start="2025-06-08T21:57:31.686803" elapsed="0.285035"/>
</kw>
<status status="PASS" start="2025-06-08T21:57:28.813930" elapsed="3.158488"/>
</kw>
<kw name="And Sleep" owner="BuiltIn">
<msg time="2025-06-08T21:57:34.975586" level="INFO">Slept 3 seconds.</msg>
<arg>3s</arg>
<doc>Pauses the test executed for the given time.</doc>
<status status="PASS" start="2025-06-08T21:57:31.973602" elapsed="3.003410"/>
</kw>
<kw name="When curtir post com texto">
<kw name="Log To Console" owner="BuiltIn">
<arg>Iniciando curtida no post: ${texto_post}</arg>
<doc>Logs the given message to the console.</doc>
<status status="PASS" start="2025-06-08T21:57:34.980214" elapsed="0.001295"/>
</kw>
<kw name="Set Variable" owner="BuiltIn">
<msg time="2025-06-08T21:57:34.983361" level="INFO">${xpath_botao} = //div[contains(., 'Meu filme favorito')]/following::button[1]</msg>
<var>${xpath_botao}</var>
<arg>//div[contains(., '${texto_post}')]/following::button[1]</arg>
<doc>Returns the given values which can then be assigned to a variables.</doc>
<status status="PASS" start="2025-06-08T21:57:34.982305" elapsed="0.001516"/>
</kw>
<kw name="Log To Console" owner="BuiltIn">
<arg>XPath final do botão: ${xpath_botao}</arg>
<doc>Logs the given message to the console.</doc>
<status status="PASS" start="2025-06-08T21:57:34.984588" elapsed="0.001357"/>
</kw>
<kw name="Wait Until Element Is Visible" owner="SeleniumLibrary">
<arg>${xpath_botao}</arg>
<arg>timeout=20s</arg>
<doc>Waits until the element ``locator`` is visible.</doc>
<status status="PASS" start="2025-06-08T21:57:34.986519" elapsed="0.044170"/>
</kw>
<kw name="Scroll Element Into View" owner="SeleniumLibrary">
<arg>${xpath_botao}</arg>
<doc>Scrolls the element identified by ``locator`` into view.</doc>
<status status="PASS" start="2025-06-08T21:57:35.031434" elapsed="0.280970"/>
</kw>
<kw name="Sleep" owner="BuiltIn">
<msg time="2025-06-08T21:57:36.313419" level="INFO">Slept 1 second.</msg>
<arg>1s</arg>
<doc>Pauses the test executed for the given time.</doc>
<status status="PASS" start="2025-06-08T21:57:35.312817" elapsed="1.001226"/>
</kw>
<kw name="Capture Page Screenshot" owner="SeleniumLibrary">
<msg time="2025-06-08T21:57:36.482166" level="INFO" html="true">&lt;/td&gt;&lt;/tr&gt;&lt;tr&gt;&lt;td colspan="3"&gt;&lt;a href="selenium-screenshot-4.png"&gt;&lt;img src="selenium-screenshot-4.png" width="800px"&gt;&lt;/a&gt;</msg>
<doc>Takes a screenshot of the current page and embeds it into a log file.</doc>
<status status="PASS" start="2025-06-08T21:57:36.314582" elapsed="0.167918"/>
</kw>
<kw name="Click Element" owner="SeleniumLibrary">
<msg time="2025-06-08T21:57:36.483169" level="INFO">Clicking element '//div[contains(., 'Meu filme favorito')]/following::button[1]'.</msg>
<arg>${xpath_botao}</arg>
<doc>Click the element identified by ``locator``.</doc>
<status status="PASS" start="2025-06-08T21:57:36.482783" elapsed="0.065661"/>
</kw>
<kw name="Sleep" owner="BuiltIn">
<msg time="2025-06-08T21:57:38.549923" level="INFO">Slept 2 seconds.</msg>
<arg>2s</arg>
<doc>Pauses the test executed for the given time.</doc>
<status status="PASS" start="2025-06-08T21:57:36.549065" elapsed="2.001447"/>
</kw>
<kw name="Capture Page Screenshot" owner="SeleniumLibrary">
<msg time="2025-06-08T21:57:38.745513" level="INFO" html="true">&lt;/td&gt;&lt;/tr&gt;&lt;tr&gt;&lt;td colspan="3"&gt;&lt;a href="selenium-screenshot-5.png"&gt;&lt;img src="selenium-screenshot-5.png" width="800px"&gt;&lt;/a&gt;</msg>
<doc>Takes a screenshot of the current page and embeds it into a log file.</doc>
<status status="PASS" start="2025-06-08T21:57:38.551406" elapsed="0.195800"/>
</kw>
<arg>${TEXTO_POST}</arg>
<status status="PASS" start="2025-06-08T21:57:34.978800" elapsed="3.768881"/>
</kw>
<kw name="Then Sleep" owner="BuiltIn">
<msg time="2025-06-08T21:57:40.750131" level="INFO">Slept 2 seconds.</msg>
<arg>2s</arg>
<doc>Pauses the test executed for the given time.</doc>
<status status="PASS" start="2025-06-08T21:57:38.749117" elapsed="2.001785"/>
</kw>
<kw name="And Capture Page Screenshot" owner="SeleniumLibrary">
<msg time="2025-06-08T21:57:40.917745" level="INFO" html="true">&lt;/td&gt;&lt;/tr&gt;&lt;tr&gt;&lt;td colspan="3"&gt;&lt;a href="selenium-screenshot-6.png"&gt;&lt;img src="selenium-screenshot-6.png" width="800px"&gt;&lt;/a&gt;</msg>
<doc>Takes a screenshot of the current page and embeds it into a log file.</doc>
<status status="PASS" start="2025-06-08T21:57:40.751922" elapsed="0.166153"/>
</kw>
<kw name="And Close Browser" owner="SeleniumLibrary">
<doc>Closes the current browser.</doc>
<status status="PASS" start="2025-06-08T21:57:40.918535" elapsed="0.062572"/>
</kw>
<tag>bdd</tag>
<tag>curtida</tag>
<status status="PASS" start="2025-06-08T21:57:26.947231" elapsed="14.034489"/>
</test>
<status status="PASS" start="2025-06-08T21:57:26.770236" elapsed="14.213109"/>
</suite>
<statistics>
<total>
<stat pass="1" fail="0" skip="0">All Tests</stat>
</total>
<tag>
<stat pass="1" fail="0" skip="0">bdd</stat>
<stat pass="1" fail="0" skip="0">curtida</stat>
</tag>
<suite>
<stat name="curtirPost" id="s1" pass="1" fail="0" skip="0">curtirPost</stat>
</suite>
</statistics>
<errors>
</errors>
</robot>
